==> plexo_srv (clean)
test -d deps || @rebar get-deps
==> goldrush (compile)
==> lager (compile)
==> jsx (compile)
==> jsxn (compile)
==> ranch (compile)
==> cowlib (compile)
==> cowboy (compile)
==> meck (compile)
==> plexo_srv (compile)
Compiled src/plexo_srv_app.erl
Compiled src/plexo_srv_sup.erl
Compiled src/util_inet.erl
Compiled src/core_util.erl
Compiled src/core_rest.erl
Compiled src/plexo_srv.erl
Compiled src/core_error.erl
Compiled src/core_json.erl
Compiled src/erts_apps.erl
Compiled src/core_auth.erl
Compiled src/cb_util.erl
Compiled src/cb_apps_hndlr.erl
Compiled src/cb_app_hndlr.erl
  Checking whether the PLT /Users/Temple/.dialyzer_plt is up-to-date... yes
  Proceeding with analysis...
Unknown functions:
  lager:debug/2
  lager:info/2
 done in 0m1.22s
done (passed successfully)
==> plexo_srv (eunit)
Compiled src/util_inet.erl
Compiled src/plexo_srv_sup.erl
Compiled src/plexo_srv_app.erl
Compiled src/core_util.erl
Compiled src/plexo_srv.erl
Compiled src/core_rest.erl
Compiled src/core_error.erl
Compiled src/erts_apps.erl
Compiled src/core_json.erl
Compiled src/core_auth.erl
Compiled src/cb_util.erl
Compiled src/cb_apps_hndlr.erl
Compiled src/cb_app_hndlr.erl
Compiled test/plexo_srv_tests.erl
Compiled test/erts_apps_tests.erl
Compiled test/core_json_tests.erl
Compiled test/core_auth_tests.erl
Compiled test/core_util_tests.erl
test/cb_util_tests.erl:46: Warning: a term is constructed, but never used
test/cb_util_tests.erl:48: Warning: a term is constructed, but never used
test/cb_util_tests.erl:64: Warning: a term is constructed, but never used
test/cb_util_tests.erl:66: Warning: a term is constructed, but never used
Compiled test/cb_util_tests.erl
test/cb_apps_hndlr_tests.erl:61: Warning: a term is constructed, but never used
test/cb_apps_hndlr_tests.erl:68: Warning: a term is constructed, but never used
Compiled test/cb_apps_hndlr_tests.erl
test/cb_app_hndlr_tests.erl:65: Warning: a term is constructed, but never used
test/cb_app_hndlr_tests.erl:73: Warning: a term is constructed, but never used
test/cb_app_hndlr_tests.erl:81: Warning: a term is constructed, but never used
test/cb_app_hndlr_tests.erl:89: Warning: a term is constructed, but never used
Compiled test/cb_app_hndlr_tests.erl
18:54:01.054 [info] Starting 'plexo_srv' apps: [crypto,ranch,cowlib,cowboy,plexo_srv]
18:54:01.054 [info] Application lager started on node nonode@nohost
18:54:01.066 [info] Application ranch started on node nonode@nohost
18:54:01.067 [info] Application cowlib started on node nonode@nohost
18:54:01.075 [info] Application cowboy started on node nonode@nohost
Starting Cowboy on port 8877...
RootDir "/usr/local/Cellar/erlang/17.3/lib/erlang"...
LibDir "/usr/local/Cellar/erlang/17.3/lib/erlang/lib"...
AppDir "/Users/Temple/Work/dev/projects/plexo/apps/plexo_srv"...
AppPrivDir "/Users/Temple/Work/dev/projects/plexo/apps/plexo_srv/priv"...
Started Server...
test/plexo_srv_tests.erl:29:<0.244.0>: Started Apps: [{crypto,app_running},
               {ranch,app_started},
               {cowlib,app_started},
               {cowboy,app_started},
               {plexo_srv,app_started}]

18:54:01.111 [info] Res: [{crypto,app_running},{ranch,app_started},{cowlib,app_started},{cowboy,app_started},{plexo_srv,app_started}]
test/plexo_srv_tests.erl:34:<0.244.0>: Stopped Apps: [{crypto,app_stopped},
               {ranch,app_stopped},
               {cowlib,app_stopped},
               {cowboy,app_stopped},
               {plexo_srv,app_stopped}]

18:54:01.739 [info] Starting 'plexo_srv' apps: [crypto,ranch,cowlib,cowboy,plexo_srv]
Starting Cowboy on port 8877...
RootDir "/usr/local/Cellar/erlang/17.3/lib/erlang"...
LibDir "/usr/local/Cellar/erlang/17.3/lib/erlang/lib"...
AppDir "/Users/Temple/Work/dev/projects/plexo/apps/plexo_srv"...
AppPrivDir "/Users/Temple/Work/dev/projects/plexo/apps/plexo_srv/priv"...
Started Server...
18:54:01.741 [info] Res: [{crypto,app_started},{ranch,app_started},{cowlib,app_started},{cowboy,app_started},{plexo_srv,app_started}]
Init Handler: {http_req,#Port<0.67117>,ranch_tcp,keepalive,<0.574.0>,
                        <<"GET">>,'HTTP/1.1',
                        {{127,0,0,1},53082},
                        <<"localhost">>,undefined,8877,<<"/api/app/kernel">>,
                        undefined,<<>>,
                        [{app_name,<<"kernel">>}],
                        [{<<"content-length">>,<<"0">>},
                         {<<"te">>,<<>>},
                         {<<"host">>,<<"localhost:8877">>},
                         {<<"authorization">>,
                          <<"Basic VGVtcGxlOldpYmJsZTJXb2JibGU=">>},
                         {<<"connection">>,<<"keep-alive">>}],
                        [],waiting,<<>>,undefined,false,waiting,[],<<>>,
                        undefined} 
18:54:01.987 [info] Authenticated User:<<"Temple">>, Pass<<"Wibble2Wobble">>
app_env_to_map - AppEnv: [{description,"ERTS  CXC 138 10"},
                          {id,[]},
                          {vsn,"3.0.3"},
                          {modules,[application,application_controller,
                                    application_master,application_starter,
                                    auth,code,code_server,dist_util,
                                    erl_boot_server,erl_distribution,
                                    erl_reply,error_handler,error_logger,file,
                                    file_server,file_io_server,global,
                                    global_group,global_search,group,heart,
                                    hipe_unified_loader,inet6_tcp,
                                    inet6_tcp_dist,inet6_udp,inet6_sctp,
                                    inet_config,inet_hosts,
                                    inet_gethost_native,inet_tcp_dist,kernel,
                                    kernel_config,net,net_adm,net_kernel,os,
                                    ram_file,rpc,user,user_drv,user_sup,
                                    disk_log,disk_log_1,disk_log_server,
                                    disk_log_sup,dist_ac,erl_ddll,erl_epmd,
                                    erts_debug,gen_tcp,gen_udp,gen_sctp,inet,
                                    inet_db,inet_dns,inet_parse,inet_res,
                                    inet_tcp,inet_udp,inet_sctp,pg2,seq_trace,
                                    standard_error,wrap_log_reader]},
                          {maxP,infinity},
                          {maxT,infinity},
                          {registered,[application_controller,erl_reply,auth,
                                       boot_server,code_server,
                                       disk_log_server,disk_log_sup,
                                       erl_prim_loader,error_logger,
                                       file_server_2,fixtable_server,
                                       global_group,global_name_server,heart,
                                       init,kernel_config,kernel_sup,
                                       net_kernel,net_sup,rex,user,os_server,
                                       ddll_server,erl_epmd,inet_db,pg2]},
                          {included_applications,[]},
                          {applications,[]},
                          {env,[{included_applications,[]},
                                {error_logger,tty}]},
                          {mod,{kernel,[]}},
                          {start_phases,undefined}]
app_env_to_map - AppEnvMap: #{applications => [],
                              description => <<"ERTS  CXC 138 10">>,
                              env => #{error_logger => tty,included_applications => []},
                              id => [],
                              included_applications => [],
                              maxP => infinity,
                              maxT => infinity,
                              mod => #{<<"name">> => kernel,<<"params">> => []},
                              modules => [application,application_controller,
                               application_master,application_starter,auth,
                               code,code_server,dist_util,erl_boot_server,
                               erl_distribution,erl_reply,error_handler,
                               error_logger,file,file_server,file_io_server,
                               global,global_group,global_search,group,heart,
                               hipe_unified_loader,inet6_tcp,inet6_tcp_dist,
                               inet6_udp,inet6_sctp,inet_config,inet_hosts,
                               inet_gethost_native,inet_tcp_dist,kernel,
                               kernel_config,net,net_adm,net_kernel,os,
                               ram_file,rpc,user,user_drv,user_sup,disk_log,
                               disk_log_1,disk_log_server,disk_log_sup,
                               dist_ac,erl_ddll,erl_epmd,erts_debug,gen_tcp,
                               gen_udp,gen_sctp,inet,inet_db,inet_dns,
                               inet_parse,inet_res,inet_tcp,inet_udp,
                               inet_sctp,pg2,seq_trace,standard_error,
                               wrap_log_reader],
                              registered => [application_controller,erl_reply,auth,
                               boot_server,code_server,disk_log_server,
                               disk_log_sup,erl_prim_loader,error_logger,
                               file_server_2,fixtable_server,global_group,
                               global_name_server,heart,init,kernel_config,
                               kernel_sup,net_kernel,net_sup,rex,user,
                               os_server,ddll_server,erl_epmd,inet_db,pg2],
                              start_phases => undefined,
                              vsn => <<"3.0.3">>}
Encoding: #{applications => [],
            description => <<"ERTS  CXC 138 10">>,
            env => #{error_logger => tty,included_applications => []},
            id => [],
            included_applications => [],
            maxP => infinity,
            maxT => infinity,
            mod => #{<<"name">> => kernel,<<"params">> => []},
            modules => [application,application_controller,application_master,
             application_starter,auth,code,code_server,dist_util,
             erl_boot_server,erl_distribution,erl_reply,error_handler,
             error_logger,file,file_server,file_io_server,global,global_group,
             global_search,group,heart,hipe_unified_loader,inet6_tcp,
             inet6_tcp_dist,inet6_udp,inet6_sctp,inet_config,inet_hosts,
             inet_gethost_native,inet_tcp_dist,kernel,kernel_config,net,
             net_adm,net_kernel,os,ram_file,rpc,user,user_drv,user_sup,
             disk_log,disk_log_1,disk_log_server,disk_log_sup,dist_ac,
             erl_ddll,erl_epmd,erts_debug,gen_tcp,gen_udp,gen_sctp,inet,
             inet_db,inet_dns,inet_parse,inet_res,inet_tcp,inet_udp,inet_sctp,
             pg2,seq_trace,standard_error,wrap_log_reader],
            registered => [application_controller,erl_reply,auth,boot_server,code_server,
             disk_log_server,disk_log_sup,erl_prim_loader,error_logger,
             file_server_2,fixtable_server,global_group,global_name_server,
             heart,init,kernel_config,kernel_sup,net_kernel,net_sup,rex,user,
             os_server,ddll_server,erl_epmd,inet_db,pg2],
            start_phases => undefined,
            vsn => <<"3.0.3">>} 
Encoded: <<"{\"applications\":[],\"description\":\"ERTS  CXC 138 10\",\"env\":{\"error_logger\":\"tty\",\"included_applications\":[]},\"id\":[],\"included_applications\":[],\"maxP\":\"infinity\",\"maxT\":\"infinity\",\"mod\":{\"name\":\"kernel\",\"params\":[]},\"modules\":[\"application\",\"application_controller\",\"application_master\",\"application_starter\",\"auth\",\"code\",\"code_server\",\"dist_util\",\"erl_boot_server\",\"erl_distribution\",\"erl_reply\",\"error_handler\",\"error_logger\",\"file\",\"file_server\",\"file_io_server\",\"global\",\"global_group\",\"global_search\",\"group\",\"heart\",\"hipe_unified_loader\",\"inet6_tcp\",\"inet6_tcp_dist\",\"inet6_udp\",\"inet6_sctp\",\"inet_config\",\"inet_hosts\",\"inet_gethost_native\",\"inet_tcp_dist\",\"kernel\",\"kernel_config\",\"net\",\"net_adm\",\"net_kernel\",\"os\",\"ram_file\",\"rpc\",\"user\",\"user_drv\",\"user_sup\",\"disk_log\",\"disk_log_1\",\"disk_log_server\",\"disk_log_sup\",\"dist_ac\",\"erl_ddll\",\"erl_epmd\",\"erts_debug\",\"gen_tcp\",\"gen_udp\",\"gen_sctp\",\"inet\",\"inet_db\",\"inet_dns\",\"inet_parse\",\"inet_res\",\"inet_tcp\",\"inet_udp\",\"inet_sctp\",\"pg2\",\"seq_trace\",\"standard_error\",\"wrap_log_reader\"],\"registered\":[\"application_controller\",\"erl_reply\",\"auth\",\"boot_server\",\"code_server\",\"disk_log_server\",\"disk_log_sup\",\"erl_prim_loader\",\"error_logger\",\"file_server_2\",\"fixtable_server\",\"global_group\",\"global_name_server\",\"heart\",\"init\",\"kernel_config\",\"kernel_sup\",\"net_kernel\",\"net_sup\",\"rex\",\"user\",\"os_server\",\"ddll_server\",\"erl_epmd\",\"inet_db\",\"pg2\"],\"start_phases\":\"undefined\",\"vsn\":\"3.0.3\"}">> 
terminate: normal 
test/cb_app_hndlr_tests.erl:173:<0.244.0>: Retrieved App Resource: #{applications => [],
                          description => <<"ERTS  CXC 138 10">>,
                          env => #{error_logger => <<"tty">>,included_applications => []},
                          id => [],
                          included_applications => [],
                          maxP => <<"infinity">>,
                          maxT => <<"infinity">>,
                          mod => #{name => <<"kernel">>,params => []},
                          modules => [<<"application">>,<<"application_controller">>,
                           <<"application_master">>,<<"application_starter">>,
                           <<"auth">>,<<"code">>,<<"code_server">>,
                           <<"dist_util">>,<<"erl_boot_server">>,
                           <<"erl_distribution">>,<<"erl_reply">>,
                           <<"error_handler">>,<<"error_logger">>,<<"file">>,
                           <<"file_server">>,<<"file_io_server">>,
                           <<"global">>,<<"global_group">>,
                           <<"global_search">>,<<"group">>,<<"heart">>,
                           <<"hipe_unified_loader">>,<<"inet6_tcp">>,
                           <<"inet6_tcp_dist">>,<<"inet6_udp">>,
                           <<"inet6_sctp">>,<<"inet_config">>,
                           <<"inet_hosts">>,<<"inet_gethost_native">>,
                           <<"inet_tcp_dist">>,<<"kernel">>,
                           <<"kernel_config">>,<<"net">>,<<"net_adm">>,
                           <<"net_kernel">>,<<"os">>,<<"ram_file">>,<<"rpc">>,
                           <<"user">>,<<"user_drv">>,<<"user_sup">>,
                           <<"disk_log">>,<<"disk_log_1">>,
                           <<"disk_log_server">>,<<"disk_log_sup">>,
                           <<"dist_ac">>,<<"erl_ddll">>,<<"erl_epmd">>,
                           <<"erts_debug">>,<<"gen_tcp">>,<<"gen_udp">>,
                           <<"gen_sctp">>,<<"inet">>,<<"inet_db">>,
                           <<"inet_dns">>,<<"inet_parse">>,<<"inet_res">>,
                           <<"inet_tcp">>,<<"inet_udp">>,<<"inet_sctp">>,
                           <<"pg2">>,<<"seq_trace">>,<<"standard_error">>,
                           <<"wrap_log_reader">>],
                          registered => [<<"application_controller">>,<<"erl_reply">>,
                           <<"auth">>,<<"boot_server">>,<<"code_server">>,
                           <<"disk_log_server">>,<<"disk_log_sup">>,
                           <<"erl_prim_loader">>,<<"error_logger">>,
                           <<"file_server_2">>,<<"fixtable_server">>,
                           <<"global_group">>,<<"global_name_server">>,
                           <<"heart">>,<<"init">>,<<"kernel_config">>,
                           <<"kernel_sup">>,<<"net_kernel">>,<<"net_sup">>,
                           <<"rex">>,<<"user">>,<<"os_server">>,
                           <<"ddll_server">>,<<"erl_epmd">>,<<"inet_db">>,
                           <<"pg2">>],
                          start_phases => <<"undefined">>,
                          vsn => <<"3.0.3">>}

18:54:02.012 [warning] lager_error_logger_h dropped 129 messages in the last second that exceeded the limit of 50 messages/sec
18:54:02.012 [info] Application crypto exited with reason: stopped
18:54:02.013 [info] Application ranch exited with reason: stopped
18:54:02.013 [info] Application cowlib exited with reason: stopped
18:54:02.014 [info] Application cowboy exited with reason: stopped
18:54:02.014 [info] Application plexo_srv exited with reason: stopped
18:54:02.014 [info] Application inets exited with reason: stopped
18:54:02.014 [info] Starting 'plexo_srv' apps: [crypto,ranch,cowlib,cowboy,plexo_srv]
18:54:02.015 [info] Application crypto started on node nonode@nohost
18:54:02.015 [info] Application ranch started on node nonode@nohost
18:54:02.015 [info] Application cowlib started on node nonode@nohost
18:54:02.015 [info] Application cowboy started on node nonode@nohost
Starting Cowboy on port 8877...
RootDir "/usr/local/Cellar/erlang/17.3/lib/erlang"...
LibDir "/usr/local/Cellar/erlang/17.3/lib/erlang/lib"...
AppDir "/Users/Temple/Work/dev/projects/plexo/apps/plexo_srv"...
AppPrivDir "/Users/Temple/Work/dev/projects/plexo/apps/plexo_srv/priv"...
Started Server...
18:54:02.016 [info] Res: [{crypto,app_started},{ranch,app_started},{cowlib,app_started},{cowboy,app_started},{plexo_srv,app_started}]
Init Handler: {http_req,#Port<0.69352>,ranch_tcp,keepalive,<0.707.0>,
                        <<"GET">>,'HTTP/1.1',
                        {{127,0,0,1},53083},
                        <<"localhost">>,undefined,8877,<<"/api/app/kernel">>,
                        undefined,<<>>,
                        [{app_name,<<"kernel">>}],
                        [{<<"content-length">>,<<"0">>},
                         {<<"te">>,<<>>},
                         {<<"host">>,<<"localhost:8877">>},
                         {<<"authorization">>,
                          <<"Basic VGVtcGxlOkJhZFBhc3N3b3Jk">>},
                         {<<"connection">>,<<"keep-alive">>}],
                        [],waiting,<<>>,undefined,false,waiting,[],<<>>,
                        undefined} 
18:54:02.018 [info] Invalid User:<<"Temple">>, Pass<<"BadPassword">>
terminate: normal 
test/cb_app_hndlr_tests.erl:173:<0.244.0>: Retrieved App Resource: {401,"Unauthorized","Basic realm=\"plexo\""}

18:54:02.025 [info] Starting 'plexo_srv' apps: [crypto,ranch,cowlib,cowboy,plexo_srv]
Starting Cowboy on port 8877...
RootDir "/usr/local/Cellar/erlang/17.3/lib/erlang"...
LibDir "/usr/local/Cellar/erlang/17.3/lib/erlang/lib"...
AppDir "/Users/Temple/Work/dev/projects/plexo/apps/plexo_srv"...
AppPrivDir "/Users/Temple/Work/dev/projects/plexo/apps/plexo_srv/priv"...
Started Server...
18:54:02.027 [info] Res: [{crypto,app_started},{ranch,app_started},{cowlib,app_started},{cowboy,app_started},{plexo_srv,app_started}]
Init Handler: {http_req,#Port<0.69368>,ranch_tcp,keepalive,<0.840.0>,
                        <<"POST">>,'HTTP/1.1',
                        {{127,0,0,1},53084},
                        <<"localhost">>,undefined,8877,<<"/api/apps/sasl">>,
                        undefined,<<>>,
                        [{app_name,<<"sasl">>}],
                        [{<<"content-type">>,
                          <<"application/x-www-form-urlencoded">>},
                         {<<"content-length">>,<<"0">>},
                         {<<"te">>,<<>>},
                         {<<"host">>,<<"localhost:8877">>},
                         {<<"authorization">>,
                          <<"Basic VGVtcGxlOldpYmJsZTJXb2JibGU=">>},
                         {<<"connection">>,<<"keep-alive">>}],
                        [],waiting,<<>>,undefined,false,waiting,[],<<>>,
                        undefined} 
18:54:02.029 [info] Authenticated User:<<"Temple">>, Pass<<"Wibble2Wobble">>

=PROGRESS REPORT==== 9-Nov-2014::18:54:02 ===
          supervisor: {local,sasl_safe_sup}
             started: [{pid,<0.846.0>},
                       {name,alarm_handler},
                       {mfargs,{alarm_handler,start_link,[]}},
                       {restart_type,permanent},
                       {shutdown,2000},
                       {child_type,worker}]
Encoding: #{<<"appName">> => sasl,<<"appStatus">> => app_started} 

=PROGRESS REPORT==== 9-Nov-2014::18:54:02 ===
          supervisor: {local,sasl_sup}
             started: [{pid,<0.848.0>},
                       {name,release_handler},
                       {mfargs,{release_handler,start_link,[]}},
                       {restart_type,permanent},
                       {shutdown,2000},
                       {child_type,worker}]
Encoded: <<"{\"appName\":\"sasl\",\"appStatus\":\"app_started\"}">> 
terminate: normal 
test/cb_apps_hndlr_tests.erl:107:<0.244.0>: start_remote_app: #{appName => <<"sasl">>,appStatus => <<"app_started">>}

18:54:02.079 [info] Starting 'plexo_srv' apps: [crypto,ranch,cowlib,cowboy,plexo_srv]

=PROGRESS REPORT==== 9-Nov-2014::18:54:02 ===
         application: crypto
          started_at: nonode@nohost

=PROGRESS REPORT==== 9-Nov-2014::18:54:02 ===
         application: ranch
          started_at: nonode@nohost

=PROGRESS REPORT==== 9-Nov-2014::18:54:02 ===
          supervisor: {local,cowboy_sup}
             started: [{pid,<0.862.0>},
                       {name,cowboy_clock},
                       {mfargs,{cowboy_clock,start_link,[]}},
                       {restart_type,permanent},
                       {shutdown,5000},
                       {child_type,worker}]
Starting Cowboy on port 8877...
RootDir "/usr/local/Cellar/erlang/17.3/lib/erlang"...
LibDir "/usr/local/Cellar/erlang/17.3/lib/erlang/lib"...
AppDir "/Users/Temple/Work/dev/projects/plexo/apps/plexo_srv"...
AppPrivDir "/Users/Temple/Work/dev/projects/plexo/apps/plexo_srv/priv"...

=PROGRESS REPORT==== 9-Nov-2014::18:54:02 ===
          supervisor: {<0.866.0>,ranch_listener_sup}
             started: [{pid,<0.867.0>},
                       {name,ranch_conns_sup},
                       {mfargs,
                           {ranch_conns_sup,start_link,
                               [http,worker,5000,ranch_tcp,5000,
                                cowboy_protocol]}},
                       {restart_type,permanent},
                       {shutdown,infinity},
                       {child_type,supervisor}]

=PROGRESS REPORT==== 9-Nov-2014::18:54:02 ===
          supervisor: {<0.868.0>,ranch_acceptors_sup}
             started: [{pid,<0.869.0>},
                       {name,{acceptor,<0.868.0>,1}},
                       {mfargs,
                           {ranch_acceptor,start_link,
                               [#Port<0.71661>,ranch_tcp,<0.867.0>]}},
                       {restart_type,permanent},
                       {shutdown,brutal_kill},
                       {child_type,worker}]
Started Server...

=PROGRESS REPORT==== 9-Nov-2014::18:54:02 ===
          supervisor: {<0.868.0>,ranch_acceptors_sup}
             started: [{pid,<0.945.0>},
                       {name,{acceptor,<0.868.0>,77}},
                       {mfargs,
                           {ranch_acceptor,start_link,
                               [#Port<0.71661>,ranch_tcp,<0.867.0>]}},
                       {restart_type,permanent},
                       {shutdown,brutal_kill},
                       {child_type,worker}]
18:54:02.081 [info] Res: [{crypto,app_started},{ranch,app_started},{cowlib,app_started},{cowboy,app_started},{plexo_srv,app_started}]

=PROGRESS REPORT==== 9-Nov-2014::18:54:02 ===
          supervisor: {local,inets_sup}
             started: [{pid,<0.974.0>},
                       {name,ftp_sup},
                       {mfargs,{ftp_sup,start_link,[]}},
                       {restart_type,permanent},
                       {shutdown,infinity},
                       {child_type,supervisor}]

=PROGRESS REPORT==== 9-Nov-2014::18:54:02 ===
          supervisor: {local,inets_sup}
             started: [{pid,<0.975.0>},
                       {name,httpc_sup},
                       {mfargs,
                           {httpc_sup,start_link,
                               [[{httpc,{default,only_session_cookies}}]]}},
                       {restart_type,permanent},
                       {shutdown,infinity},
                       {child_type,supervisor}]
Init Handler: {http_req,#Port<0.71663>,ranch_tcp,keepalive,<0.982.0>,
                        <<"POST">>,'HTTP/1.1',
                        {{127,0,0,1},53085},
                        <<"localhost">>,undefined,8877,<<"/api/apps/sasl">>,
                        undefined,<<>>,
                        [{app_name,<<"sasl">>}],
                        [{<<"content-type">>,
                          <<"application/x-www-form-urlencoded">>},
                         {<<"content-length">>,<<"0">>},
                         {<<"te">>,<<>>},
                         {<<"host">>,<<"localhost:8877">>},
                         {<<"authorization">>,
                          <<"Basic VGVtcGxlOldpYmJsZTJXb2JibGU=">>},
                         {<<"connection">>,<<"keep-alive">>}],
                        [],waiting,<<>>,undefined,false,waiting,[],<<>>,
                        undefined} 
18:54:02.083 [info] Authenticated User:<<"Temple">>, Pass<<"Wibble2Wobble">>
Encoding: #{<<"appName">> => sasl,<<"appStatus">> => app_running} 
Encoded: <<"{\"appName\":\"sasl\",\"appStatus\":\"app_running\"}">> 
terminate: normal 
test/cb_apps_hndlr_tests.erl:107:<0.244.0>: start_remote_app: #{appName => <<"sasl">>,appStatus => <<"app_running">>}

Init Handler: {http_req,#Port<0.71663>,ranch_tcp,keepalive,<0.982.0>,
                        <<"POST">>,'HTTP/1.1',
                        {{127,0,0,1},53085},
                        <<"localhost">>,undefined,8877,<<"/api/apps/sasl">>,
                        undefined,<<>>,
                        [{app_name,<<"sasl">>}],
                        [{<<"content-type">>,
                          <<"application/x-www-form-urlencoded">>},
                         {<<"content-length">>,<<"0">>},
                         {<<"te">>,<<>>},
                         {<<"host">>,<<"localhost:8877">>},
                         {<<"authorization">>,
                          <<"Basic VGVtcGxlOldpYmJsZTJXb2JibGU=">>},
                         {<<"connection">>,<<"keep-alive">>}],
                        [],waiting,<<>>,undefined,false,waiting,[],<<>>,
                        undefined} 
18:54:02.084 [info] Authenticated User:<<"Temple">>, Pass<<"Wibble2Wobble">>
Encoding: #{<<"appName">> => sasl,<<"appStatus">> => app_running} 
Encoded: <<"{\"appName\":\"sasl\",\"appStatus\":\"app_running\"}">> 
terminate: normal 
test/cb_apps_hndlr_tests.erl:107:<0.244.0>: start_remote_app: #{appName => <<"sasl">>,appStatus => <<"app_running">>}

18:54:02.090 [info] Starting 'plexo_srv' apps: [crypto,ranch,cowlib,cowboy,plexo_srv]

=PROGRESS REPORT==== 9-Nov-2014::18:54:02 ===
         application: crypto
          started_at: nonode@nohost

=PROGRESS REPORT==== 9-Nov-2014::18:54:02 ===
          supervisor: {local,ranch_sup}
             started: [{pid,<0.989.0>},
                       {name,ranch_server},
                       {mfargs,{ranch_server,start_link,[]}},
                       {restart_type,permanent},
                       {shutdown,5000},
                       {child_type,worker}]

=PROGRESS REPORT==== 9-Nov-2014::18:54:02 ===
         application: ranch
          started_at: nonode@nohost

=PROGRESS REPORT==== 9-Nov-2014::18:54:02 ===
         application: cowlib
          started_at: nonode@nohost

=PROGRESS REPORT==== 9-Nov-2014::18:54:02 ===
          supervisor: {local,cowboy_sup}
             started: [{pid,<0.995.0>},
                       {name,cowboy_clock},
                       {mfargs,{cowboy_clock,start_link,[]}},
                       {restart_type,permanent},
                       {shutdown,5000},
                       {child_type,worker}]

=PROGRESS REPORT==== 9-Nov-2014::18:54:02 ===
         application: cowboy
          started_at: nonode@nohost
Starting Cowboy on port 8877...
RootDir "/usr/local/Cellar/erlang/17.3/lib/erlang"...
LibDir "/usr/local/Cellar/erlang/17.3/lib/erlang/lib"...
AppDir "/Users/Temple/Work/dev/projects/plexo/apps/plexo_srv"...
AppPrivDir "/Users/Temple/Work/dev/projects/plexo/apps/plexo_srv/priv"...

=PROGRESS REPORT==== 9-Nov-2014::18:54:02 ===
          supervisor: {<0.999.0>,ranch_listener_sup}
             started: [{pid,<0.1000.0>},
                       {name,ranch_conns_sup},
                       {mfargs,
                           {ranch_conns_sup,start_link,
                               [http,worker,5000,ranch_tcp,5000,
                                cowboy_protocol]}},
                       {restart_type,permanent},
                       {shutdown,infinity},
                       {child_type,supervisor}]

=PROGRESS REPORT==== 9-Nov-2014::18:54:02 ===
          supervisor: {<0.1001.0>,ranch_acceptors_sup}
             started: [{pid,<0.1002.0>},
                       {name,{acceptor,<0.1001.0>,1}},
                       {mfargs,
                           {ranch_acceptor,start_link,
                               [#Port<0.71664>,ranch_tcp,<0.1000.0>]}},
                       {restart_type,permanent},
                       {shutdown,brutal_kill},
                       {child_type,worker}]

=PROGRESS REPORT==== 9-Nov-2014::18:54:02 ===
          supervisor: {<0.1001.0>,ranch_acceptors_sup}
             started: [{pid,<0.1055.0>},
                       {name,{acceptor,<0.1001.0>,54}},
                       {mfargs,
                           {ranch_acceptor,start_link,
                               [#Port<0.71664>,ranch_tcp,<0.1000.0>]}},
                       {restart_type,permanent},
                       {shutdown,brutal_kill},
                       {child_type,worker}]
Started Server...

=PROGRESS REPORT==== 9-Nov-2014::18:54:02 ===
         application: plexo_srv
          started_at: nonode@nohost
18:54:02.093 [info] Res: [{crypto,app_started},{ranch,app_started},{cowlib,app_started},{cowboy,app_started},{plexo_srv,app_started}]

=PROGRESS REPORT==== 9-Nov-2014::18:54:02 ===
          supervisor: {local,httpc_profile_sup}
             started: [{pid,<0.1110.0>},
                       {name,httpc_manager},
                       {mfargs,
                           {httpc_manager,start_link,
                               [default,only_session_cookies,inets]}},
                       {restart_type,permanent},
                       {shutdown,4000},
                       {child_type,worker}]
Init Handler: {http_req,#Port<0.71666>,ranch_tcp,keepalive,<0.1115.0>,
                        <<"GET">>,'HTTP/1.1',
                        {{127,0,0,1},53086},
                        <<"localhost">>,undefined,8877,<<"/api/apps">>,
                        undefined,<<"status=running">>,[],
                        [{<<"content-length">>,<<"0">>},
                         {<<"te">>,<<>>},
                         {<<"host">>,<<"localhost:8877">>},
                         {<<"authorization">>,
                          <<"Basic VGVtcGxlOldpYmJsZTJXb2JibGU=">>},
                         {<<"connection">>,<<"keep-alive">>}],
                        [],waiting,<<>>,undefined,false,waiting,[],<<>>,
                        undefined} 
18:54:02.095 [info] Authenticated User:<<"Temple">>, Pass<<"Wibble2Wobble">>
Converting: {inets,"INETS  CXC 138 49","5.10.3"} 
Converting: {plexo_srv,"A simple HTTP REST client for Erlang/Elixir.","0.1.0"} 
Converting: {cowboy,"Small, fast, modular HTTP server.","2.0.0-pre.1"} 
Converting: {cowlib,"Support library for manipulating Web protocols.","1.0.0"} 
Converting: {ranch,"Socket acceptor pool for TCP protocols.","1.1.0"} 
Converting: {crypto,"CRYPTO","3.4.1"} 
Converting: {sasl,"SASL  CXC 138 11","2.4.1"} 
Converting: {lager,"Erlang logging framework","2.0.3"} 
Converting: {goldrush,"Erlang event stream processor","0.1.6"} 
Converting: {syntax_tools,"Syntax tools","1.6.16"} 
Converting: {compiler,"ERTS  CXC 138 10","5.0.2"} 
Converting: {stdlib,"ERTS  CXC 138 10","2.2"} 
Converting: {kernel,"ERTS  CXC 138 10","3.0.3"} 
Encoding: [#{app_nfo => #{description => <<"INETS  CXC 138 49">>,
               name => <<"inets">>,
               version => <<"5.10.3">>}},
           #{app_nfo => #{description => <<"A simple HTTP REST client for Erlang/Elixir.">>,
               name => <<"plexo_srv">>,
               version => <<"0.1.0">>}},
           #{app_nfo => #{description => <<"Small, fast, modular HTTP server.">>,
               name => <<"cowboy">>,
               version => <<"2.0.0-pre.1">>}},
           #{app_nfo => #{description => <<"Support library for manipulating Web protocols.">>,
               name => <<"cowlib">>,
               version => <<"1.0.0">>}},
           #{app_nfo => #{description => <<"Socket acceptor pool for TCP protocols.">>,
               name => <<"ranch">>,
               version => <<"1.1.0">>}},
           #{app_nfo => #{description => <<"CRYPTO">>,name => <<"crypto">>,version => <<"3.4.1">>}},
           #{app_nfo => #{description => <<"SASL  CXC 138 11">>,
               name => <<"sasl">>,
               version => <<"2.4.1">>}},
           #{app_nfo => #{description => <<"Erlang logging framework">>,
               name => <<"lager">>,
               version => <<"2.0.3">>}},
           #{app_nfo => #{description => <<"Erlang event stream processor">>,
               name => <<"goldrush">>,
               version => <<"0.1.6">>}},
           #{app_nfo => #{description => <<"Syntax tools">>,
               name => <<"syntax_tools">>,
               version => <<"1.6.16">>}},
           #{app_nfo => #{description => <<"ERTS  CXC 138 10">>,
               name => <<"compiler">>,
               version => <<"5.0.2">>}},
           #{app_nfo => #{description => <<"ERTS  CXC 138 10">>,
               name => <<"stdlib">>,
               version => <<"2.2">>}},
           #{app_nfo => #{description => <<"ERTS  CXC 138 10">>,
               name => <<"kernel">>,
               version => <<"3.0.3">>}}] 
Encoded: <<"[{\"app_nfo\":{\"description\":\"INETS  CXC 138 49\",\"name\":\"inets\",\"version\":\"5.10.3\"}},{\"app_nfo\":{\"description\":\"A simple HTTP REST client for Erlang/Elixir.\",\"name\":\"plexo_srv\",\"version\":\"0.1.0\"}},{\"app_nfo\":{\"description\":\"Small, fast, modular HTTP server.\",\"name\":\"cowboy\",\"version\":\"2.0.0-pre.1\"}},{\"app_nfo\":{\"description\":\"Support library for manipulating Web protocols.\",\"name\":\"cowlib\",\"version\":\"1.0.0\"}},{\"app_nfo\":{\"description\":\"Socket acceptor pool for TCP protocols.\",\"name\":\"ranch\",\"version\":\"1.1.0\"}},{\"app_nfo\":{\"description\":\"CRYPTO\",\"name\":\"crypto\",\"version\":\"3.4.1\"}},{\"app_nfo\":{\"description\":\"SASL  CXC 138 11\",\"name\":\"sasl\",\"version\":\"2.4.1\"}},{\"app_nfo\":{\"description\":\"Erlang logging framework\",\"name\":\"lager\",\"version\":\"2.0.3\"}},{\"app_nfo\":{\"description\":\"Erlang event stream processor\",\"name\":\"goldrush\",\"version\":\"0.1.6\"}},{\"app_nfo\":{\"description\":\"Syntax tools\",\"name\":\"syntax_tools\",\"version\":\"1.6.16\"}},{\"app_nfo\":{\"description\":\"ERTS  CXC 138 10\",\"name\":\"compiler\",\"version\":\"5.0.2\"}},{\"app_nfo\":{\"description\":\"ERTS  CXC 138 10\",\"name\":\"stdlib\",\"version\":\"2.2\"}},{\"app_nfo\":{\"description\":\"ERTS  CXC 138 10\",\"name\":\"kernel\",\"version\":\"3.0.3\"}}]">> 
terminate: normal 
test/cb_apps_hndlr_tests.erl:131:<0.244.0>: get_remote_apps: [#{app_nfo => #{description => <<"INETS  CXC 138 49">>,
                      name => <<"inets">>,
                      version => <<"5.10.3">>}},
                  #{app_nfo => #{description => <<"A simple HTTP REST client for Erlang/Elixir.">>,
                      name => <<"plexo_srv">>,
                      version => <<"0.1.0">>}},
                  #{app_nfo => #{description => <<"Small, fast, modular HTTP server.">>,
                      name => <<"cowboy">>,
                      version => <<"2.0.0-pre.1">>}},
                  #{app_nfo => #{description => <<"Support library for manipulating Web protocols.">>,
                      name => <<"cowlib">>,
                      version => <<"1.0.0">>}},
                  #{app_nfo => #{description => <<"Socket acceptor pool for TCP protocols.">>,
                      name => <<"ranch">>,
                      version => <<"1.1.0">>}},
                  #{app_nfo => #{description => <<"CRYPTO">>,
                      name => <<"crypto">>,
                      version => <<"3.4.1">>}},
                  #{app_nfo => #{description => <<"SASL  CXC 138 11">>,
                      name => <<"sasl">>,
                      version => <<"2.4.1">>}},
                  #{app_nfo => #{description => <<"Erlang logging framework">>,
                      name => <<"lager">>,
                      version => <<"2.0.3">>}},
                  #{app_nfo => #{description => <<"Erlang event stream processor">>,
                      name => <<"goldrush">>,
                      version => <<"0.1.6">>}},
                  #{app_nfo => #{description => <<"Syntax tools">>,
                      name => <<"syntax_tools">>,
                      version => <<"1.6.16">>}},
                  #{app_nfo => #{description => <<"ERTS  CXC 138 10">>,
                      name => <<"compiler">>,
                      version => <<"5.0.2">>}},
                  #{app_nfo => #{description => <<"ERTS  CXC 138 10">>,
                      name => <<"stdlib">>,
                      version => <<"2.2">>}},
                  #{app_nfo => #{description => <<"ERTS  CXC 138 10">>,
                      name => <<"kernel">>,
                      version => <<"3.0.3">>}}]

18:54:02.140 [info] Starting 'plexo_srv' apps: [crypto,ranch,cowlib,cowboy,plexo_srv]

=PROGRESS REPORT==== 9-Nov-2014::18:54:02 ===
         application: crypto
          started_at: nonode@nohost

=PROGRESS REPORT==== 9-Nov-2014::18:54:02 ===
          supervisor: {local,ranch_sup}
             started: [{pid,<0.1134.0>},
                       {name,ranch_server},
                       {mfargs,{ranch_server,start_link,[]}},
                       {restart_type,permanent},
                       {shutdown,5000},
                       {child_type,worker}]

=PROGRESS REPORT==== 9-Nov-2014::18:54:02 ===
         application: cowboy
          started_at: nonode@nohost
Starting Cowboy on port 8877...
RootDir "/usr/local/Cellar/erlang/17.3/lib/erlang"...
LibDir "/usr/local/Cellar/erlang/17.3/lib/erlang/lib"...
AppDir "/Users/Temple/Work/dev/projects/plexo/apps/plexo_srv"...
AppPrivDir "/Users/Temple/Work/dev/projects/plexo/apps/plexo_srv/priv"...

=PROGRESS REPORT==== 9-Nov-2014::18:54:02 ===
          supervisor: {<0.1144.0>,ranch_listener_sup}
             started: [{pid,<0.1145.0>},
                       {name,ranch_conns_sup},
                       {mfargs,
                           {ranch_conns_sup,start_link,
                               [http,worker,5000,ranch_tcp,5000,
                                cowboy_protocol]}},
                       {restart_type,permanent},
                       {shutdown,infinity},
                       {child_type,supervisor}]

=PROGRESS REPORT==== 9-Nov-2014::18:54:02 ===
          supervisor: {<0.1146.0>,ranch_acceptors_sup}
             started: [{pid,<0.1152.0>},
                       {name,{acceptor,<0.1146.0>,6}},
                       {mfargs,
                           {ranch_acceptor,start_link,
                               [#Port<0.71667>,ranch_tcp,<0.1145.0>]}},
                       {restart_type,permanent},
                       {shutdown,brutal_kill},
                       {child_type,worker}]

=PROGRESS REPORT==== 9-Nov-2014::18:54:02 ===
          supervisor: {<0.1146.0>,ranch_acceptors_sup}
             started: [{pid,<0.1184.0>},
                       {name,{acceptor,<0.1146.0>,38}},
                       {mfargs,
                           {ranch_acceptor,start_link,
                               [#Port<0.71667>,ranch_tcp,<0.1145.0>]}},
                       {restart_type,permanent},
                       {shutdown,brutal_kill},
                       {child_type,worker}]
Started Server...

=PROGRESS REPORT==== 9-Nov-2014::18:54:02 ===
         application: plexo_srv
          started_at: nonode@nohost
18:54:02.142 [info] Res: [{crypto,app_started},{ranch,app_started},{cowlib,app_started},{cowboy,app_started},{plexo_srv,app_started}]

=PROGRESS REPORT==== 9-Nov-2014::18:54:02 ===
          supervisor: {local,inets_sup}
             started: [{pid,<0.1252.0>},
                       {name,ftp_sup},
                       {mfargs,{ftp_sup,start_link,[]}},
                       {restart_type,permanent},
                       {shutdown,infinity},
                       {child_type,supervisor}]
Init Handler: {http_req,#Port<0.71669>,ranch_tcp,keepalive,<0.1260.0>,
                        <<"GET">>,'HTTP/1.1',
                        {{127,0,0,1},53087},
                        <<"localhost">>,undefined,8877,<<"/api/apps">>,
                        undefined,<<"status=loaded">>,[],
                        [{<<"content-length">>,<<"0">>},
                         {<<"te">>,<<>>},
                         {<<"host">>,<<"localhost:8877">>},
                         {<<"authorization">>,
                          <<"Basic VGVtcGxlOldpYmJsZTJXb2JibGU=">>},
                         {<<"connection">>,<<"keep-alive">>}],
                        [],waiting,<<>>,undefined,false,waiting,[],<<>>,
                        undefined} 
18:54:02.143 [info] Authenticated User:<<"Temple">>, Pass<<"Wibble2Wobble">>
Converting: {goldrush,"Erlang event stream processor","0.1.6"} 
Converting: {ranch,"Socket acceptor pool for TCP protocols.","1.1.0"} 
Converting: {cowlib,"Support library for manipulating Web protocols.","1.0.0"} 
Converting: {kernel,"ERTS  CXC 138 10","3.0.3"} 
Converting: {lager,"Erlang logging framework","2.0.3"} 
Converting: {syntax_tools,"Syntax tools","1.6.16"} 
Converting: {cowboy,"Small, fast, modular HTTP server.","2.0.0-pre.1"} 
Converting: {rebar,"Rebar: Erlang Build Tool","2.5.1"} 
Converting: {compiler,"ERTS  CXC 138 10","5.0.2"} 
Converting: {inets,"INETS  CXC 138 49","5.10.3"} 
Converting: {crypto,"CRYPTO","3.4.1"} 
Converting: {plexo_srv,"A simple HTTP REST client for Erlang/Elixir.","0.1.0"} 
Converting: {sasl,"SASL  CXC 138 11","2.4.1"} 
Converting: {stdlib,"ERTS  CXC 138 10","2.2"} 
Encoding: [#{app_nfo => #{description => <<"Erlang event stream processor">>,
               name => <<"goldrush">>,
               version => <<"0.1.6">>}},
           #{app_nfo => #{description => <<"Socket acceptor pool for TCP protocols.">>,
               name => <<"ranch">>,
               version => <<"1.1.0">>}},
           #{app_nfo => #{description => <<"Support library for manipulating Web protocols.">>,
               name => <<"cowlib">>,
               version => <<"1.0.0">>}},
           #{app_nfo => #{description => <<"ERTS  CXC 138 10">>,
               name => <<"kernel">>,
               version => <<"3.0.3">>}},
           #{app_nfo => #{description => <<"Erlang logging framework">>,
               name => <<"lager">>,
               version => <<"2.0.3">>}},
           #{app_nfo => #{description => <<"Syntax tools">>,
               name => <<"syntax_tools">>,
               version => <<"1.6.16">>}},
           #{app_nfo => #{description => <<"Small, fast, modular HTTP server.">>,
               name => <<"cowboy">>,
               version => <<"2.0.0-pre.1">>}},
           #{app_nfo => #{description => <<"Rebar: Erlang Build Tool">>,
               name => <<"rebar">>,
               version => <<"2.5.1">>}},
           #{app_nfo => #{description => <<"ERTS  CXC 138 10">>,
               name => <<"compiler">>,
               version => <<"5.0.2">>}},
           #{app_nfo => #{description => <<"INETS  CXC 138 49">>,
               name => <<"inets">>,
               version => <<"5.10.3">>}},
           #{app_nfo => #{description => <<"CRYPTO">>,name => <<"crypto">>,version => <<"3.4.1">>}},
           #{app_nfo => #{description => <<"A simple HTTP REST client for Erlang/Elixir.">>,
               name => <<"plexo_srv">>,
               version => <<"0.1.0">>}},
           #{app_nfo => #{description => <<"SASL  CXC 138 11">>,
               name => <<"sasl">>,
               version => <<"2.4.1">>}},
           #{app_nfo => #{description => <<"ERTS  CXC 138 10">>,
               name => <<"stdlib">>,
               version => <<"2.2">>}}] 
Encoded: <<"[{\"app_nfo\":{\"description\":\"Erlang event stream processor\",\"name\":\"goldrush\",\"version\":\"0.1.6\"}},{\"app_nfo\":{\"description\":\"Socket acceptor pool for TCP protocols.\",\"name\":\"ranch\",\"version\":\"1.1.0\"}},{\"app_nfo\":{\"description\":\"Support library for manipulating Web protocols.\",\"name\":\"cowlib\",\"version\":\"1.0.0\"}},{\"app_nfo\":{\"description\":\"ERTS  CXC 138 10\",\"name\":\"kernel\",\"version\":\"3.0.3\"}},{\"app_nfo\":{\"description\":\"Erlang logging framework\",\"name\":\"lager\",\"version\":\"2.0.3\"}},{\"app_nfo\":{\"description\":\"Syntax tools\",\"name\":\"syntax_tools\",\"version\":\"1.6.16\"}},{\"app_nfo\":{\"description\":\"Small, fast, modular HTTP server.\",\"name\":\"cowboy\",\"version\":\"2.0.0-pre.1\"}},{\"app_nfo\":{\"description\":\"Rebar: Erlang Build Tool\",\"name\":\"rebar\",\"version\":\"2.5.1\"}},{\"app_nfo\":{\"description\":\"ERTS  CXC 138 10\",\"name\":\"compiler\",\"version\":\"5.0.2\"}},{\"app_nfo\":{\"description\":\"INETS  CXC 138 49\",\"name\":\"inets\",\"version\":\"5.10.3\"}},{\"app_nfo\":{\"description\":\"CRYPTO\",\"name\":\"crypto\",\"version\":\"3.4.1\"}},{\"app_nfo\":{\"description\":\"A simple HTTP REST client for Erlang/Elixir.\",\"name\":\"plexo_srv\",\"version\":\"0.1.0\"}},{\"app_nfo\":{\"description\":\"SASL  CXC 138 11\",\"name\":\"sasl\",\"version\":\"2.4.1\"}},{\"app_nfo\":{\"description\":\"ERTS  CXC 138 10\",\"name\":\"stdlib\",\"version\":\"2.2\"}}]">> 
terminate: normal 
test/cb_apps_hndlr_tests.erl:131:<0.244.0>: get_remote_apps: [#{app_nfo => #{description => <<"Erlang event stream processor">>,
                      name => <<"goldrush">>,
                      version => <<"0.1.6">>}},
                  #{app_nfo => #{description => <<"Socket acceptor pool for TCP protocols.">>,
                      name => <<"ranch">>,
                      version => <<"1.1.0">>}},
                  #{app_nfo => #{description => <<"Support library for manipulating Web protocols.">>,
                      name => <<"cowlib">>,
                      version => <<"1.0.0">>}},
                  #{app_nfo => #{description => <<"ERTS  CXC 138 10">>,
                      name => <<"kernel">>,
                      version => <<"3.0.3">>}},
                  #{app_nfo => #{description => <<"Erlang logging framework">>,
                      name => <<"lager">>,
                      version => <<"2.0.3">>}},
                  #{app_nfo => #{description => <<"Syntax tools">>,
                      name => <<"syntax_tools">>,
                      version => <<"1.6.16">>}},
                  #{app_nfo => #{description => <<"Small, fast, modular HTTP server.">>,
                      name => <<"cowboy">>,
                      version => <<"2.0.0-pre.1">>}},
                  #{app_nfo => #{description => <<"Rebar: Erlang Build Tool">>,
                      name => <<"rebar">>,
                      version => <<"2.5.1">>}},
                  #{app_nfo => #{description => <<"ERTS  CXC 138 10">>,
                      name => <<"compiler">>,
                      version => <<"5.0.2">>}},
                  #{app_nfo => #{description => <<"INETS  CXC 138 49">>,
                      name => <<"inets">>,
                      version => <<"5.10.3">>}},
                  #{app_nfo => #{description => <<"CRYPTO">>,
                      name => <<"crypto">>,
                      version => <<"3.4.1">>}},
                  #{app_nfo => #{description => <<"A simple HTTP REST client for Erlang/Elixir.">>,
                      name => <<"plexo_srv">>,
                      version => <<"0.1.0">>}},
                  #{app_nfo => #{description => <<"SASL  CXC 138 11">>,
                      name => <<"sasl">>,
                      version => <<"2.4.1">>}},
                  #{app_nfo => #{description => <<"ERTS  CXC 138 10">>,
                      name => <<"stdlib">>,
                      version => <<"2.2">>}}]

18:54:02.192 [info] Starting 'plexo_srv' apps: [crypto,ranch,cowlib,cowboy,plexo_srv]

=PROGRESS REPORT==== 9-Nov-2014::18:54:02 ===
         application: crypto
          started_at: nonode@nohost

=PROGRESS REPORT==== 9-Nov-2014::18:54:02 ===
         application: cowlib
          started_at: nonode@nohost

=PROGRESS REPORT==== 9-Nov-2014::18:54:02 ===
          supervisor: {local,cowboy_sup}
             started: [{pid,<0.1286.0>},
                       {name,cowboy_clock},
                       {mfargs,{cowboy_clock,start_link,[]}},
                       {restart_type,permanent},
                       {shutdown,5000},
                       {child_type,worker}]
Starting Cowboy on port 8877...
RootDir "/usr/local/Cellar/erlang/17.3/lib/erlang"...
LibDir "/usr/local/Cellar/erlang/17.3/lib/erlang/lib"...
AppDir "/Users/Temple/Work/dev/projects/plexo/apps/plexo_srv"...
AppPrivDir "/Users/Temple/Work/dev/projects/plexo/apps/plexo_srv/priv"...

=PROGRESS REPORT==== 9-Nov-2014::18:54:02 ===
          supervisor: {<0.1290.0>,ranch_listener_sup}
             started: [{pid,<0.1291.0>},
                       {name,ranch_conns_sup},
                       {mfargs,
                           {ranch_conns_sup,start_link,
                               [http,worker,5000,ranch_tcp,5000,
                                cowboy_protocol]}},
                       {restart_type,permanent},
                       {shutdown,infinity},
                       {child_type,supervisor}]

=PROGRESS REPORT==== 9-Nov-2014::18:54:02 ===
          supervisor: {<0.1292.0>,ranch_acceptors_sup}
             started: [{pid,<0.1305.0>},
                       {name,{acceptor,<0.1292.0>,13}},
                       {mfargs,
                           {ranch_acceptor,start_link,
                               [#Port<0.71670>,ranch_tcp,<0.1291.0>]}},
                       {restart_type,permanent},
                       {shutdown,brutal_kill},
                       {child_type,worker}]

=PROGRESS REPORT==== 9-Nov-2014::18:54:02 ===
          supervisor: {<0.1292.0>,ranch_acceptors_sup}
             started: [{pid,<0.1337.0>},
                       {name,{acceptor,<0.1292.0>,45}},
                       {mfargs,
                           {ranch_acceptor,start_link,
                               [#Port<0.71670>,ranch_tcp,<0.1291.0>]}},
                       {restart_type,permanent},
                       {shutdown,brutal_kill},
                       {child_type,worker}]
Started Server...

=PROGRESS REPORT==== 9-Nov-2014::18:54:02 ===
         application: plexo_srv
          started_at: nonode@nohost
18:54:02.195 [info] Res: [{crypto,app_started},{ranch,app_started},{cowlib,app_started},{cowboy,app_started},{plexo_srv,app_started}]

=PROGRESS REPORT==== 9-Nov-2014::18:54:02 ===
          supervisor: {local,inets_sup}
             started: [{pid,<0.1398.0>},
                       {name,ftp_sup},
                       {mfargs,{ftp_sup,start_link,[]}},
                       {restart_type,permanent},
                       {shutdown,infinity},
                       {child_type,supervisor}]
Init Handler: {http_req,#Port<0.71672>,ranch_tcp,keepalive,<0.1406.0>,
                        <<"GET">>,'HTTP/1.1',
                        {{127,0,0,1},53088},
                        <<"localhost">>,undefined,8877,<<"/api/apps">>,
                        undefined,<<>>,[],
                        [{<<"content-length">>,<<"0">>},
                         {<<"te">>,<<>>},
                         {<<"host">>,<<"localhost:8877">>},
                         {<<"authorization">>,
                          <<"Basic VGVtcGxlOldpYmJsZTJXb2JibGU=">>},
                         {<<"connection">>,<<"keep-alive">>}],
                        [],waiting,<<>>,undefined,false,waiting,[],<<>>,
                        undefined} 
18:54:02.197 [info] Authenticated User:<<"Temple">>, Pass<<"Wibble2Wobble">>
terminate: {crash,error,{badmatch,false}} 
test/cb_apps_hndlr_tests.erl:131:<0.244.0>: get_remote_apps: {500,"Internal Server Error"}

18:54:02.203 [info] Starting 'plexo_srv' apps: [crypto,ranch,cowlib,cowboy,plexo_srv]

=PROGRESS REPORT==== 9-Nov-2014::18:54:02 ===
         application: crypto
          started_at: nonode@nohost

=PROGRESS REPORT==== 9-Nov-2014::18:54:02 ===
          supervisor: {local,ranch_sup}
             started: [{pid,<0.1413.0>},
                       {name,ranch_server},
                       {mfargs,{ranch_server,start_link,[]}},
                       {restart_type,permanent},
                       {shutdown,5000},
                       {child_type,worker}]
Starting Cowboy on port 8877...
RootDir "/usr/local/Cellar/erlang/17.3/lib/erlang"...
LibDir "/usr/local/Cellar/erlang/17.3/lib/erlang/lib"...
AppDir "/Users/Temple/Work/dev/projects/plexo/apps/plexo_srv"...
AppPrivDir "/Users/Temple/Work/dev/projects/plexo/apps/plexo_srv/priv"...

=PROGRESS REPORT==== 9-Nov-2014::18:54:02 ===
          supervisor: {<0.1423.0>,ranch_listener_sup}
             started: [{pid,<0.1424.0>},
                       {name,ranch_conns_sup},
                       {mfargs,
                           {ranch_conns_sup,start_link,
                               [http,worker,5000,ranch_tcp,5000,
                                cowboy_protocol]}},
                       {restart_type,permanent},
                       {shutdown,infinity},
                       {child_type,supervisor}]

=PROGRESS REPORT==== 9-Nov-2014::18:54:02 ===
          supervisor: {<0.1425.0>,ranch_acceptors_sup}
             started: [{pid,<0.1426.0>},
                       {name,{acceptor,<0.1425.0>,1}},
                       {mfargs,
                           {ranch_acceptor,start_link,
                               [#Port<0.71673>,ranch_tcp,<0.1424.0>]}},
                       {restart_type,permanent},
                       {shutdown,brutal_kill},
                       {child_type,worker}]

=PROGRESS REPORT==== 9-Nov-2014::18:54:02 ===
          supervisor: {<0.1425.0>,ranch_acceptors_sup}
             started: [{pid,<0.1494.0>},
                       {name,{acceptor,<0.1425.0>,69}},
                       {mfargs,
                           {ranch_acceptor,start_link,
                               [#Port<0.71673>,ranch_tcp,<0.1424.0>]}},
                       {restart_type,permanent},
                       {shutdown,brutal_kill},
                       {child_type,worker}]
Started Server...

=PROGRESS REPORT==== 9-Nov-2014::18:54:02 ===
         application: plexo_srv
          started_at: nonode@nohost
18:54:02.206 [info] Res: [{crypto,app_started},{ranch,app_started},{cowlib,app_started},{cowboy,app_started},{plexo_srv,app_started}]

=PROGRESS REPORT==== 9-Nov-2014::18:54:02 ===
          supervisor: {local,inets_sup}
             started: [{pid,<0.1531.0>},
                       {name,ftp_sup},
                       {mfargs,{ftp_sup,start_link,[]}},
                       {restart_type,permanent},
                       {shutdown,infinity},
                       {child_type,supervisor}]
Init Handler: {http_req,#Port<0.71675>,ranch_tcp,keepalive,<0.1539.0>,
                        <<"GET">>,'HTTP/1.1',
                        {{127,0,0,1},53089},
                        <<"localhost">>,undefined,8877,<<"/api/apps">>,
                        undefined,<<"status=bad">>,[],
                        [{<<"content-length">>,<<"0">>},
                         {<<"te">>,<<>>},
                         {<<"host">>,<<"localhost:8877">>},
                         {<<"authorization">>,
                          <<"Basic VGVtcGxlOldpYmJsZTJXb2JibGU=">>},
                         {<<"connection">>,<<"keep-alive">>}],
                        [],waiting,<<>>,undefined,false,waiting,[],<<>>,
                        undefined} 
18:54:02.207 [info] Authenticated User:<<"Temple">>, Pass<<"Wibble2Wobble">>
Encoding: #{error => <<"Error. Bad QueryParam: 'bad'">>} 
Encoded: <<"{\"error\":\"Error. Bad QueryParam: 'bad'\"}">> 
terminate: normal 
test/cb_apps_hndlr_tests.erl:131:<0.244.0>: get_remote_apps: #{error => <<"Error. Bad QueryParam: 'bad'">>}

18:54:02.214 [info] Starting 'plexo_srv' apps: [crypto,ranch,cowlib,cowboy,plexo_srv]

=PROGRESS REPORT==== 9-Nov-2014::18:54:02 ===
         application: crypto
          started_at: nonode@nohost

=PROGRESS REPORT==== 9-Nov-2014::18:54:02 ===
          supervisor: {local,ranch_sup}
             started: [{pid,<0.1546.0>},
                       {name,ranch_server},
                       {mfargs,{ranch_server,start_link,[]}},
                       {restart_type,permanent},
                       {shutdown,5000},
                       {child_type,worker}]
Starting Cowboy on port 8877...
RootDir "/usr/local/Cellar/erlang/17.3/lib/erlang"...
LibDir "/usr/local/Cellar/erlang/17.3/lib/erlang/lib"...
AppDir "/Users/Temple/Work/dev/projects/plexo/apps/plexo_srv"...
AppPrivDir "/Users/Temple/Work/dev/projects/plexo/apps/plexo_srv/priv"...

=PROGRESS REPORT==== 9-Nov-2014::18:54:02 ===
          supervisor: {<0.1556.0>,ranch_listener_sup}
             started: [{pid,<0.1557.0>},
                       {name,ranch_conns_sup},
                       {mfargs,
                           {ranch_conns_sup,start_link,
                               [http,worker,5000,ranch_tcp,5000,
                                cowboy_protocol]}},
                       {restart_type,permanent},
                       {shutdown,infinity},
                       {child_type,supervisor}]

=PROGRESS REPORT==== 9-Nov-2014::18:54:02 ===
          supervisor: {<0.1558.0>,ranch_acceptors_sup}
             started: [{pid,<0.1559.0>},
                       {name,{acceptor,<0.1558.0>,1}},
                       {mfargs,
                           {ranch_acceptor,start_link,
                               [#Port<0.71676>,ranch_tcp,<0.1557.0>]}},
                       {restart_type,permanent},
                       {shutdown,brutal_kill},
                       {child_type,worker}]

=PROGRESS REPORT==== 9-Nov-2014::18:54:02 ===
          supervisor: {<0.1558.0>,ranch_acceptors_sup}
             started: [{pid,<0.1601.0>},
                       {name,{acceptor,<0.1558.0>,43}},
                       {mfargs,
                           {ranch_acceptor,start_link,
                               [#Port<0.71676>,ranch_tcp,<0.1557.0>]}},
                       {restart_type,permanent},
                       {shutdown,brutal_kill},
                       {child_type,worker}]
Started Server...

=PROGRESS REPORT==== 9-Nov-2014::18:54:02 ===
          supervisor: {<0.1558.0>,ranch_acceptors_sup}
             started: [{pid,<0.1657.0>},
                       {name,{acceptor,<0.1558.0>,99}},
                       {mfargs,
                           {ranch_acceptor,start_link,
                               [#Port<0.71676>,ranch_tcp,<0.1557.0>]}},
                       {restart_type,permanent},
                       {shutdown,brutal_kill},
                       {child_type,worker}]
18:54:02.216 [info] Res: [{crypto,app_started},{ranch,app_started},{cowlib,app_started},{cowboy,app_started},{plexo_srv,app_started}]

=PROGRESS REPORT==== 9-Nov-2014::18:54:02 ===
         application: inets
          started_at: nonode@nohost
Init Handler: {http_req,#Port<0.71678>,ranch_tcp,keepalive,<0.1672.0>,
                        <<"DELETE">>,'HTTP/1.1',
                        {{127,0,0,1},53090},
                        <<"localhost">>,undefined,8877,<<"/api/app/sasl">>,
                        undefined,<<>>,
                        [{app_name,<<"sasl">>}],
                        [{<<"content-length">>,<<"0">>},
                         {<<"te">>,<<>>},
                         {<<"host">>,<<"localhost:8877">>},
                         {<<"authorization">>,
                          <<"Basic VGVtcGxlOldpYmJsZTJXb2JibGU=">>},
                         {<<"connection">>,<<"keep-alive">>}],
                        [],waiting,<<>>,undefined,false,waiting,[],<<>>,
                        undefined} 
18:54:02.217 [info] Authenticated User:<<"Temple">>, Pass<<"Wibble2Wobble">>
Encoding: #{<<"appName">> => sasl,<<"appStatus">> => app_stopped} 
Encoded: <<"{\"appName\":\"sasl\",\"appStatus\":\"app_stopped\"}">> 
terminate: normal 
test/cb_app_hndlr_tests.erl:148:<0.244.0>: Deleted App Resource: #{appName => <<"sasl">>,appStatus => <<"app_stopped">>}

Init Handler: {http_req,#Port<0.71678>,ranch_tcp,keepalive,<0.1672.0>,
                        <<"PUT">>,'HTTP/1.1',
                        {{127,0,0,1},53090},
                        <<"localhost">>,undefined,8877,<<"/api/app/sasl">>,
                        undefined,<<>>,
                        [{app_name,<<"sasl">>}],
                        [{<<"content-type">>,
                          <<"application/x-www-form-urlencoded">>},
                         {<<"content-length">>,<<"0">>},
                         {<<"te">>,<<>>},
                         {<<"host">>,<<"localhost:8877">>},
                         {<<"authorization">>,
                          <<"Basic VGVtcGxlOldpYmJsZTJXb2JibGU=">>},
                         {<<"connection">>,<<"keep-alive">>}],
                        [],waiting,<<>>,undefined,false,waiting,[],<<>>,
                        undefined} 
18:54:02.219 [info] Authenticated User:<<"Temple">>, Pass<<"Wibble2Wobble">>

=PROGRESS REPORT==== 9-Nov-2014::18:54:02 ===
          supervisor: {local,sasl_safe_sup}
             started: [{pid,<0.1678.0>},
                       {name,alarm_handler},
                       {mfargs,{alarm_handler,start_link,[]}},
                       {restart_type,permanent},
                       {shutdown,2000},
                       {child_type,worker}]
Encoding: #{<<"appName">> => sasl,<<"appStatus">> => app_started} 

=PROGRESS REPORT==== 9-Nov-2014::18:54:02 ===
          supervisor: {local,sasl_sup}
             started: [{pid,<0.1680.0>},
                       {name,release_handler},
                       {mfargs,{release_handler,start_link,[]}},
                       {restart_type,permanent},
                       {shutdown,2000},
                       {child_type,worker}]
Encoded: <<"{\"appName\":\"sasl\",\"appStatus\":\"app_started\"}">> 
terminate: normal 
test/cb_app_hndlr_tests.erl:131:<0.244.0>: Created App Resource (Authed): #{appName => <<"sasl">>,appStatus => <<"app_started">>}

Init Handler: {http_req,#Port<0.71678>,ranch_tcp,keepalive,<0.1672.0>,
                        <<"DELETE">>,'HTTP/1.1',
                        {{127,0,0,1},53090},
                        <<"localhost">>,undefined,8877,<<"/api/app/sasl">>,
                        undefined,<<>>,
                        [{app_name,<<"sasl">>}],
                        [{<<"content-length">>,<<"0">>},
                         {<<"te">>,<<>>},
                         {<<"host">>,<<"localhost:8877">>},
                         {<<"authorization">>,
                          <<"Basic VGVtcGxlOldpYmJsZTJXb2JibGU=">>},
                         {<<"connection">>,<<"keep-alive">>}],
                        [],waiting,<<>>,undefined,false,waiting,[],<<>>,
                        undefined} 
18:54:02.224 [info] Authenticated User:<<"Temple">>, Pass<<"Wibble2Wobble">>
Encoding: #{<<"appName">> => sasl,<<"appStatus">> => app_stopped} 
Encoded: <<"{\"appName\":\"sasl\",\"appStatus\":\"app_stopped\"}">> 
terminate: normal 
test/cb_app_hndlr_tests.erl:148:<0.244.0>: Deleted App Resource: #{appName => <<"sasl">>,appStatus => <<"app_stopped">>}

18:54:02.227 [info] Starting 'plexo_srv' apps: [crypto,ranch,cowlib,cowboy,plexo_srv]
Starting Cowboy on port 8877...
RootDir "/usr/local/Cellar/erlang/17.3/lib/erlang"...
LibDir "/usr/local/Cellar/erlang/17.3/lib/erlang/lib"...
AppDir "/Users/Temple/Work/dev/projects/plexo/apps/plexo_srv"...
AppPrivDir "/Users/Temple/Work/dev/projects/plexo/apps/plexo_srv/priv"...
Started Server...
18:54:02.230 [info] Res: [{crypto,app_started},{ranch,app_started},{cowlib,app_started},{cowboy,app_started},{plexo_srv,app_started}]
Init Handler: {http_req,#Port<0.71682>,ranch_tcp,keepalive,<0.1814.0>,
                        <<"PUT">>,'HTTP/1.1',
                        {{127,0,0,1},53091},
                        <<"localhost">>,undefined,8877,<<"/api/app/sasl">>,
                        undefined,<<>>,
                        [{app_name,<<"sasl">>}],
                        [{<<"content-type">>,
                          <<"application/x-www-form-urlencoded">>},
                         {<<"content-length">>,<<"0">>},
                         {<<"te">>,<<>>},
                         {<<"host">>,<<"localhost:8877">>},
                         {<<"authorization">>,
                          <<"Basic VGVtcGxlOldpYmJsZTJXb2JibGU=">>},
                         {<<"connection">>,<<"keep-alive">>}],
                        [],waiting,<<>>,undefined,false,waiting,[],<<>>,
                        undefined} 
18:54:02.231 [info] Authenticated User:<<"Temple">>, Pass<<"Wibble2Wobble">>

=PROGRESS REPORT==== 9-Nov-2014::18:54:02 ===
          supervisor: {local,sasl_safe_sup}
             started: [{pid,<0.1820.0>},
                       {name,alarm_handler},
                       {mfargs,{alarm_handler,start_link,[]}},
                       {restart_type,permanent},
                       {shutdown,2000},
                       {child_type,worker}]

=PROGRESS REPORT==== 9-Nov-2014::18:54:02 ===
          supervisor: {local,sasl_sup}
             started: [{pid,<0.1822.0>},
                       {name,release_handler},
                       {mfargs,{release_handler,start_link,[]}},
                       {restart_type,permanent},
                       {shutdown,2000},
                       {child_type,worker}]
Encoding: #{<<"appName">> => sasl,<<"appStatus">> => app_started} 
Encoded: <<"{\"appName\":\"sasl\",\"appStatus\":\"app_started\"}">> 
terminate: normal 
test/cb_app_hndlr_tests.erl:131:<0.244.0>: Created App Resource (Authed): #{appName => <<"sasl">>,appStatus => <<"app_started">>}

Init Handler: {http_req,#Port<0.71682>,ranch_tcp,keepalive,<0.1814.0>,
                        <<"PUT">>,'HTTP/1.1',
                        {{127,0,0,1},53091},
                        <<"localhost">>,undefined,8877,<<"/api/app/sasl">>,
                        undefined,<<>>,
                        [{app_name,<<"sasl">>}],
                        [{<<"content-type">>,
                          <<"application/x-www-form-urlencoded">>},
                         {<<"content-length">>,<<"0">>},
                         {<<"te">>,<<>>},
                         {<<"host">>,<<"localhost:8877">>},
                         {<<"authorization">>,
                          <<"Basic VGVtcGxlOldpYmJsZTJXb2JibGU=">>},
                         {<<"connection">>,<<"keep-alive">>}],
                        [],waiting,<<>>,undefined,false,waiting,[],<<>>,
                        undefined} 
18:54:02.233 [info] Authenticated User:<<"Temple">>, Pass<<"Wibble2Wobble">>
Encoding: #{<<"appName">> => sasl,<<"appStatus">> => app_running} 
Encoded: <<"{\"appName\":\"sasl\",\"appStatus\":\"app_running\"}">> 
terminate: normal 
test/cb_app_hndlr_tests.erl:131:<0.244.0>: Created App Resource (Authed): #{appName => <<"sasl">>,appStatus => <<"app_running">>}

Init Handler: {http_req,#Port<0.71682>,ranch_tcp,keepalive,<0.1814.0>,
                        <<"DELETE">>,'HTTP/1.1',
                        {{127,0,0,1},53091},
                        <<"localhost">>,undefined,8877,<<"/api/app/sasl">>,
                        undefined,<<>>,
                        [{app_name,<<"sasl">>}],
                        [{<<"content-length">>,<<"0">>},
                         {<<"te">>,<<>>},
                         {<<"host">>,<<"localhost:8877">>},
                         {<<"authorization">>,
                          <<"Basic VGVtcGxlOldpYmJsZTJXb2JibGU=">>},
                         {<<"connection">>,<<"keep-alive">>}],
                        [],waiting,<<>>,undefined,false,waiting,[],<<>>,
                        undefined} 
18:54:02.237 [info] Authenticated User:<<"Temple">>, Pass<<"Wibble2Wobble">>
Encoding: #{<<"appName">> => sasl,<<"appStatus">> => app_stopped} 
Encoded: <<"{\"appName\":\"sasl\",\"appStatus\":\"app_stopped\"}">> 
terminate: normal 
test/cb_app_hndlr_tests.erl:148:<0.244.0>: Deleted App Resource: #{appName => <<"sasl">>,appStatus => <<"app_stopped">>}

18:54:02.241 [info] Starting 'plexo_srv' apps: [crypto,ranch,cowlib,cowboy,plexo_srv]
Starting Cowboy on port 8877...
RootDir "/usr/local/Cellar/erlang/17.3/lib/erlang"...
LibDir "/usr/local/Cellar/erlang/17.3/lib/erlang/lib"...
AppDir "/Users/Temple/Work/dev/projects/plexo/apps/plexo_srv"...
AppPrivDir "/Users/Temple/Work/dev/projects/plexo/apps/plexo_srv/priv"...
Started Server...
18:54:02.243 [info] Res: [{crypto,app_started},{ranch,app_started},{cowlib,app_started},{cowboy,app_started},{plexo_srv,app_started}]
Init Handler: {http_req,#Port<0.71686>,ranch_tcp,keepalive,<0.1956.0>,
                        <<"PUT">>,'HTTP/1.1',
                        {{127,0,0,1},53092},
                        <<"localhost">>,undefined,8877,<<"/api/app/sasl">>,
                        undefined,<<>>,
                        [{app_name,<<"sasl">>}],
                        [{<<"content-type">>,
                          <<"application/x-www-form-urlencoded">>},
                         {<<"content-length">>,<<"0">>},
                         {<<"te">>,<<>>},
                         {<<"host">>,<<"localhost:8877">>},
                         {<<"authorization">>,
                          <<"Basic VGVtcGxlOldpYmJsZTJXb2JibGU=">>},
                         {<<"connection">>,<<"keep-alive">>}],
                        [],waiting,<<>>,undefined,false,waiting,[],<<>>,
                        undefined} 
18:54:02.244 [info] Authenticated User:<<"Temple">>, Pass<<"Wibble2Wobble">>

=PROGRESS REPORT==== 9-Nov-2014::18:54:02 ===
          supervisor: {local,sasl_safe_sup}
             started: [{pid,<0.1962.0>},
                       {name,alarm_handler},
                       {mfargs,{alarm_handler,start_link,[]}},
                       {restart_type,permanent},
                       {shutdown,2000},
                       {child_type,worker}]
Encoding: #{<<"appName">> => sasl,<<"appStatus">> => app_started} 

=PROGRESS REPORT==== 9-Nov-2014::18:54:02 ===
          supervisor: {local,sasl_sup}
             started: [{pid,<0.1964.0>},
                       {name,release_handler},
                       {mfargs,{release_handler,start_link,[]}},
                       {restart_type,permanent},
                       {shutdown,2000},
                       {child_type,worker}]
Encoded: <<"{\"appName\":\"sasl\",\"appStatus\":\"app_started\"}">> 
terminate: normal 
test/cb_app_hndlr_tests.erl:131:<0.244.0>: Created App Resource (Authed): #{appName => <<"sasl">>,appStatus => <<"app_started">>}

Init Handler: {http_req,#Port<0.71686>,ranch_tcp,keepalive,<0.1956.0>,
                        <<"DELETE">>,'HTTP/1.1',
                        {{127,0,0,1},53092},
                        <<"localhost">>,undefined,8877,<<"/api/app/sasl">>,
                        undefined,<<>>,
                        [{app_name,<<"sasl">>}],
                        [{<<"content-length">>,<<"0">>},
                         {<<"te">>,<<>>},
                         {<<"host">>,<<"localhost:8877">>},
                         {<<"authorization">>,
                          <<"Basic VGVtcGxlOldpYmJsZTJXb2JibGU=">>},
                         {<<"connection">>,<<"keep-alive">>}],
                        [],waiting,<<>>,undefined,false,waiting,[],<<>>,
                        undefined} 
18:54:02.246 [info] Authenticated User:<<"Temple">>, Pass<<"Wibble2Wobble">>
Encoding: #{<<"appName">> => sasl,<<"appStatus">> => app_stopped} 
Encoded: <<"{\"appName\":\"sasl\",\"appStatus\":\"app_stopped\"}">> 
terminate: normal 
test/cb_app_hndlr_tests.erl:148:<0.244.0>: Deleted App Resource: #{appName => <<"sasl">>,appStatus => <<"app_stopped">>}

Init Handler: {http_req,#Port<0.71686>,ranch_tcp,keepalive,<0.1956.0>,
                        <<"DELETE">>,'HTTP/1.1',
                        {{127,0,0,1},53092},
                        <<"localhost">>,undefined,8877,<<"/api/app/sasl">>,
                        undefined,<<>>,
                        [{app_name,<<"sasl">>}],
                        [{<<"content-length">>,<<"0">>},
                         {<<"te">>,<<>>},
                         {<<"host">>,<<"localhost:8877">>},
                         {<<"authorization">>,
                          <<"Basic VGVtcGxlOldpYmJsZTJXb2JibGU=">>},
                         {<<"connection">>,<<"keep-alive">>}],
                        [],waiting,<<>>,undefined,false,waiting,[],<<>>,
                        undefined} 
18:54:02.250 [info] Authenticated User:<<"Temple">>, Pass<<"Wibble2Wobble">>
Encoding: #{<<"appName">> => sasl,<<"appStatus">> => app_not_running} 
Encoded: <<"{\"appName\":\"sasl\",\"appStatus\":\"app_not_running\"}">> 
terminate: normal 
test/cb_app_hndlr_tests.erl:148:<0.244.0>: Deleted App Resource: #{appName => <<"sasl">>,appStatus => <<"app_not_running">>}

18:54:02.253 [info] Starting 'plexo_srv' apps: [crypto,ranch,cowlib,cowboy,plexo_srv]
Starting Cowboy on port 8877...
RootDir "/usr/local/Cellar/erlang/17.3/lib/erlang"...
LibDir "/usr/local/Cellar/erlang/17.3/lib/erlang/lib"...
AppDir "/Users/Temple/Work/dev/projects/plexo/apps/plexo_srv"...
AppPrivDir "/Users/Temple/Work/dev/projects/plexo/apps/plexo_srv/priv"...
Started Server...
18:54:02.254 [info] Res: [{crypto,app_started},{ranch,app_started},{cowlib,app_started},{cowboy,app_started},{plexo_srv,app_started}]
Init Handler: {http_req,#Port<0.71690>,ranch_tcp,keepalive,<0.2098.0>,
                        <<"DELETE">>,'HTTP/1.1',
                        {{127,0,0,1},53093},
                        <<"localhost">>,undefined,8877,<<"/api/app/sasl">>,
                        undefined,<<>>,
                        [{app_name,<<"sasl">>}],
                        [{<<"content-length">>,<<"0">>},
                         {<<"te">>,<<>>},
                         {<<"host">>,<<"localhost:8877">>},
                         {<<"authorization">>,
                          <<"Basic VGVtcGxlOldpYmJsZTJXb2JibGU=">>},
                         {<<"connection">>,<<"keep-alive">>}],
                        [],waiting,<<>>,undefined,false,waiting,[],<<>>,
                        undefined} 
18:54:02.256 [info] Authenticated User:<<"Temple">>, Pass<<"Wibble2Wobble">>
Encoding: #{<<"appName">> => sasl,<<"appStatus">> => app_not_running} 
Encoded: <<"{\"appName\":\"sasl\",\"appStatus\":\"app_not_running\"}">> 
terminate: normal 
test/cb_app_hndlr_tests.erl:148:<0.244.0>: Deleted App Resource: #{appName => <<"sasl">>,appStatus => <<"app_not_running">>}

Init Handler: {http_req,#Port<0.71690>,ranch_tcp,keepalive,<0.2098.0>,
                        <<"DELETE">>,'HTTP/1.1',
                        {{127,0,0,1},53093},
                        <<"localhost">>,undefined,8877,<<"/api/app/sasl">>,
                        undefined,<<>>,
                        [{app_name,<<"sasl">>}],
                        [{<<"content-length">>,<<"0">>},
                         {<<"te">>,<<>>},
                         {<<"host">>,<<"localhost:8877">>},
                         {<<"authorization">>,
                          <<"Basic VGVtcGxlOldpYmJsZTJXb2JibGU=">>},
                         {<<"connection">>,<<"keep-alive">>}],
                        [],waiting,<<>>,undefined,false,waiting,[],<<>>,
                        undefined} 
18:54:02.257 [info] Authenticated User:<<"Temple">>, Pass<<"Wibble2Wobble">>
Encoding: #{<<"appName">> => sasl,<<"appStatus">> => app_not_running} 
Encoded: <<"{\"appName\":\"sasl\",\"appStatus\":\"app_not_running\"}">> 
terminate: normal 
test/cb_app_hndlr_tests.erl:148:<0.244.0>: Deleted App Resource: #{appName => <<"sasl">>,appStatus => <<"app_not_running">>}

Init Handler: {http_req,#Port<0.71690>,ranch_tcp,keepalive,<0.2098.0>,
                        <<"DELETE">>,'HTTP/1.1',
                        {{127,0,0,1},53093},
                        <<"localhost">>,undefined,8877,<<"/api/app/sasl">>,
                        undefined,<<>>,
                        [{app_name,<<"sasl">>}],
                        [{<<"content-length">>,<<"0">>},
                         {<<"te">>,<<>>},
                         {<<"host">>,<<"localhost:8877">>},
                         {<<"authorization">>,
                          <<"Basic VGVtcGxlOldpYmJsZTJXb2JibGU=">>},
                         {<<"connection">>,<<"keep-alive">>}],
                        [],waiting,<<>>,undefined,false,waiting,[],<<>>,
                        undefined} 
18:54:02.260 [info] Authenticated User:<<"Temple">>, Pass<<"Wibble2Wobble">>
Encoding: #{<<"appName">> => sasl,<<"appStatus">> => app_not_running} 
Encoded: <<"{\"appName\":\"sasl\",\"appStatus\":\"app_not_running\"}">> 
terminate: normal 
test/cb_app_hndlr_tests.erl:148:<0.244.0>: Deleted App Resource: #{appName => <<"sasl">>,appStatus => <<"app_not_running">>}

18:54:02.263 [info] Starting 'plexo_srv' apps: [crypto,ranch,cowlib,cowboy,plexo_srv]
Starting Cowboy on port 8877...
RootDir "/usr/local/Cellar/erlang/17.3/lib/erlang"...
LibDir "/usr/local/Cellar/erlang/17.3/lib/erlang/lib"...
AppDir "/Users/Temple/Work/dev/projects/plexo/apps/plexo_srv"...
AppPrivDir "/Users/Temple/Work/dev/projects/plexo/apps/plexo_srv/priv"...
Started Server...
18:54:02.266 [info] Res: [{crypto,app_started},{ranch,app_started},{cowlib,app_started},{cowboy,app_started},{plexo_srv,app_started}]
Init Handler: {http_req,#Port<0.71693>,ranch_tcp,keepalive,<0.2231.0>,
                        <<"PUT">>,'HTTP/1.1',
                        {{127,0,0,1},53094},
                        <<"localhost">>,undefined,8877,<<"/api/app/sasl">>,
                        undefined,<<>>,
                        [{app_name,<<"sasl">>}],
                        [{<<"content-type">>,
                          <<"application/x-www-form-urlencoded">>},
                         {<<"content-length">>,<<"0">>},
                         {<<"te">>,<<>>},
                         {<<"host">>,<<"localhost:8877">>},
                         {<<"authorization">>,
                          <<"Basic VGVtcGxlOldpYmJsZTJXb2JibGU=">>},
                         {<<"connection">>,<<"keep-alive">>}],
                        [],waiting,<<>>,undefined,false,waiting,[],<<>>,
                        undefined} 
18:54:02.267 [info] Authenticated User:<<"Temple">>, Pass<<"Wibble2Wobble">>

=PROGRESS REPORT==== 9-Nov-2014::18:54:02 ===
          supervisor: {local,sasl_safe_sup}
             started: [{pid,<0.2237.0>},
                       {name,alarm_handler},
                       {mfargs,{alarm_handler,start_link,[]}},
                       {restart_type,permanent},
                       {shutdown,2000},
                       {child_type,worker}]
Encoding: #{<<"appName">> => sasl,<<"appStatus">> => app_started} 

=PROGRESS REPORT==== 9-Nov-2014::18:54:02 ===
          supervisor: {local,sasl_sup}
             started: [{pid,<0.2239.0>},
                       {name,release_handler},
                       {mfargs,{release_handler,start_link,[]}},
                       {restart_type,permanent},
                       {shutdown,2000},
                       {child_type,worker}]
Encoded: <<"{\"appName\":\"sasl\",\"appStatus\":\"app_started\"}">> 
terminate: normal 
test/cb_app_hndlr_tests.erl:131:<0.244.0>: Created App Resource (Authed): #{appName => <<"sasl">>,appStatus => <<"app_started">>}

Init Handler: {http_req,#Port<0.71693>,ranch_tcp,keepalive,<0.2231.0>,
                        <<"GET">>,'HTTP/1.1',
                        {{127,0,0,1},53094},
                        <<"localhost">>,undefined,8877,<<"/api/app/sasl">>,
                        undefined,<<>>,
                        [{app_name,<<"sasl">>}],
                        [{<<"content-length">>,<<"0">>},
                         {<<"te">>,<<>>},
                         {<<"host">>,<<"localhost:8877">>},
                         {<<"authorization">>,
                          <<"Basic VGVtcGxlOldpYmJsZTJXb2JibGU=">>},
                         {<<"connection">>,<<"keep-alive">>}],
                        [],waiting,<<>>,undefined,false,waiting,[],<<>>,
                        undefined} 
18:54:02.269 [info] Authenticated User:<<"Temple">>, Pass<<"Wibble2Wobble">>
app_env_to_map - AppEnv: [{description,"SASL  CXC 138 11"},
                          {id,[]},
                          {vsn,"2.4.1"},
                          {modules,[sasl,alarm_handler,format_lib_supp,
                                    misc_supp,overload,rb,rb_format_supp,
                                    release_handler,release_handler_1,erlsrv,
                                    sasl_report,sasl_report_tty_h,
                                    sasl_report_file_h,si,si_sasl_supp,
                                    systools,systools_make,systools_rc,
                                    systools_relup,systools_lib]},
                          {maxP,infinity},
                          {maxT,infinity},
                          {registered,[sasl_sup,alarm_handler,overload,
                                       release_handler]},
                          {included_applications,[]},
                          {applications,[kernel,stdlib]},
                          {env,[{errlog_type,all},
                                {included_applications,[]},
                                {sasl_error_logger,tty}]},
                          {mod,{sasl,[]}},
                          {start_phases,undefined}]
app_env_to_map - AppEnvMap: #{applications => [kernel,stdlib],
                              description => <<"SASL  CXC 138 11">>,
                              env => #{errlog_type => all,
                                included_applications => [],
                                sasl_error_logger => tty},
                              id => [],
                              included_applications => [],
                              maxP => infinity,
                              maxT => infinity,
                              mod => #{<<"name">> => sasl,<<"params">> => []},
                              modules => [sasl,alarm_handler,format_lib_supp,misc_supp,
                               overload,rb,rb_format_supp,release_handler,
                               release_handler_1,erlsrv,sasl_report,
                               sasl_report_tty_h,sasl_report_file_h,si,
                               si_sasl_supp,systools,systools_make,
                               systools_rc,systools_relup,systools_lib],
                              registered => [sasl_sup,alarm_handler,overload,
                               release_handler],
                              start_phases => undefined,
                              vsn => <<"2.4.1">>}
Encoding: #{applications => [kernel,stdlib],
            description => <<"SASL  CXC 138 11">>,
            env => #{errlog_type => all,included_applications => [],sasl_error_logger => tty},
            id => [],
            included_applications => [],
            maxP => infinity,
            maxT => infinity,
            mod => #{<<"name">> => sasl,<<"params">> => []},
            modules => [sasl,alarm_handler,format_lib_supp,misc_supp,overload,rb,
             rb_format_supp,release_handler,release_handler_1,erlsrv,
             sasl_report,sasl_report_tty_h,sasl_report_file_h,si,si_sasl_supp,
             systools,systools_make,systools_rc,systools_relup,systools_lib],
            registered => [sasl_sup,alarm_handler,overload,release_handler],
            start_phases => undefined,
            vsn => <<"2.4.1">>} 
Encoded: <<"{\"applications\":[\"kernel\",\"stdlib\"],\"description\":\"SASL  CXC 138 11\",\"env\":{\"errlog_type\":\"all\",\"included_applications\":[],\"sasl_error_logger\":\"tty\"},\"id\":[],\"included_applications\":[],\"maxP\":\"infinity\",\"maxT\":\"infinity\",\"mod\":{\"name\":\"sasl\",\"params\":[]},\"modules\":[\"sasl\",\"alarm_handler\",\"format_lib_supp\",\"misc_supp\",\"overload\",\"rb\",\"rb_format_supp\",\"release_handler\",\"release_handler_1\",\"erlsrv\",\"sasl_report\",\"sasl_report_tty_h\",\"sasl_report_file_h\",\"si\",\"si_sasl_supp\",\"systools\",\"systools_make\",\"systools_rc\",\"systools_relup\",\"systools_lib\"],\"registered\":[\"sasl_sup\",\"alarm_handler\",\"overload\",\"release_handler\"],\"start_phases\":\"undefined\",\"vsn\":\"2.4.1\"}">> 
terminate: normal 
test/cb_app_hndlr_tests.erl:173:<0.244.0>: Retrieved App Resource: #{applications => [<<"kernel">>,<<"stdlib">>],
                          description => <<"SASL  CXC 138 11">>,
                          env => #{errlog_type => <<"all">>,
                            included_applications => [],
                            sasl_error_logger => <<"tty">>},
                          id => [],
                          included_applications => [],
                          maxP => <<"infinity">>,
                          maxT => <<"infinity">>,
                          mod => #{name => <<"sasl">>,params => []},
                          modules => [<<"sasl">>,<<"alarm_handler">>,
                           <<"format_lib_supp">>,<<"misc_supp">>,
                           <<"overload">>,<<"rb">>,<<"rb_format_supp">>,
                           <<"release_handler">>,<<"release_handler_1">>,
                           <<"erlsrv">>,<<"sasl_report">>,
                           <<"sasl_report_tty_h">>,<<"sasl_report_file_h">>,
                           <<"si">>,<<"si_sasl_supp">>,<<"systools">>,
                           <<"systools_make">>,<<"systools_rc">>,
                           <<"systools_relup">>,<<"systools_lib">>],
                          registered => [<<"sasl_sup">>,<<"alarm_handler">>,<<"overload">>,
                           <<"release_handler">>],
                          start_phases => <<"undefined">>,
                          vsn => <<"2.4.1">>}

Init Handler: {http_req,#Port<0.71693>,ranch_tcp,keepalive,<0.2231.0>,
                        <<"DELETE">>,'HTTP/1.1',
                        {{127,0,0,1},53094},
                        <<"localhost">>,undefined,8877,<<"/api/app/sasl">>,
                        undefined,<<>>,
                        [{app_name,<<"sasl">>}],
                        [{<<"content-length">>,<<"0">>},
                         {<<"te">>,<<>>},
                         {<<"host">>,<<"localhost:8877">>},
                         {<<"authorization">>,
                          <<"Basic VGVtcGxlOldpYmJsZTJXb2JibGU=">>},
                         {<<"connection">>,<<"keep-alive">>}],
                        [],waiting,<<>>,undefined,false,waiting,[],<<>>,
                        undefined} 
18:54:02.275 [info] Authenticated User:<<"Temple">>, Pass<<"Wibble2Wobble">>
Encoding: #{<<"appName">> => sasl,<<"appStatus">> => app_stopped} 
Encoded: <<"{\"appName\":\"sasl\",\"appStatus\":\"app_stopped\"}">> 
terminate: normal 
test/cb_app_hndlr_tests.erl:148:<0.244.0>: Deleted App Resource: #{appName => <<"sasl">>,appStatus => <<"app_stopped">>}

  All 74 tests passed.
Cover analysis: /Users/Temple/Work/dev/projects/plexo/apps/plexo_srv/.eunit/index.html
Coverdata export: /Users/Temple/Work/dev/projects/plexo/apps/plexo_srv/.eunit/cover.coverdata

Code Coverage:
cb_app_hndlr  : 100
cb_apps_hndlr : 100
cb_util       : 100
core_auth     : 100
core_error    : 100
core_json     : 100
core_rest     : not
core_util     : 100
erts_apps     : 100
plexo_srv     : 100
plexo_srv_app : 100
plexo_srv_sup : 100
util_inet     : 100

Total         : 100%

=INFO REPORT==== 9-Nov-2014::18:54:02 ===
    application: lager
    exited: stopped
    type: temporary

=INFO REPORT==== 9-Nov-2014::18:54:02 ===
    application: goldrush
    exited: killed
    type: temporary
# rebar ct -- disabled.
# rebar qc -- disabled.
==> plexo_srv (doc)
